Arguments: 
  /usr/local/bin/node /usr/local/Cellar/yarn/1.16.0/libexec/bin/yarn.js install

PATH: 
  /usr/local/bin:/usr/bin:/bin:/usr/sbin:/sbin:/usr/local/share/dotnet:/Library/Frameworks/Mono.framework/Versions/Current/Commands:/Applications/Xamarin Workbooks.app/Contents/SharedSupport/path-bin

Yarn version: 
  1.16.0

Node version: 
  11.12.0

Platform: 
  darwin x64

Trace: 
  Error: getaddrinfo ENOTFOUND registry.yarnpkg.com registry.yarnpkg.com:443
      at GetAddrInfoReqWrap.onlookup [as oncomplete] (dns.js:58:26)

npm manifest: 
  {
    "name": "lambda-mud",
    "version": "0.1.0",
    "private": true,
    "dependencies": {
      "@material-ui/core": "^4.9.5",
      "@testing-library/jest-dom": "^4.2.4",
      "@testing-library/react": "^9.3.2",
      "@testing-library/user-event": "^7.1.2",
      "axios": "^0.19.2",
      "bootstrap": "^4.4.1",
      "react": "^16.13.0",
      "react-bootstrap": "^1.0.0-beta.17",
      "react-dom": "^16.13.0",
      "react-router-dom": "^5.1.2",
      "react-scripts": "3.4.0"
    },
    "scripts": {
      "start": "react-scripts start",
      "build": "react-scripts build",
      "test": "react-scripts test",
      "eject": "react-scripts eject"
    },
    "eslintConfig": {
      "extends": "react-app"
    },
    "browserslist": {
      "production": [
        ">0.2%",
        "not dead",
        "not op_mini all"
      ],
      "development": [
        "last 1 chrome version",
        "last 1 firefox version",
        "last 1 safari version"
      ]
    },
    "devDependencies": {
      "eslint-plugin-react-hooks": "^2.5.0"
    },
    "resolutions": {
      "**/react": "16.7.0-alpha.2",
      "**/react-dom": "16.7.0-alpha.2"
    }
  }

yarn manifest: 
  No manifest

Lockfile: 
  No lockfile
